Program launched at Sat Jan 30 15:51:28 EST 2021
janv. 30, 2021 3:51:28 P.M. net.sourceforge.plantumldependency.commoncli.command.impl.CommandLineImpl findAndCheckOptionIndex INFO: [info-plantuml-dependency-commoncli-001] : Option "[--output, -o]" has been specified
janv. 30, 2021 3:51:28 P.M. net.sourceforge.plantumldependency.commoncli.command.impl.CommandLineImpl findAndCheckOptionIndex INFO: [info-plantuml-dependency-commoncli-001] : Option "[--output, -o]" has been specified
janv. 30, 2021 3:51:28 P.M. net.sourceforge.plantumldependency.commoncli.command.impl.CommandLineImpl findAndCheckOptionIndex INFO: [info-plantuml-dependency-commoncli-001] : Option "[--include, -i]" has been specified
janv. 30, 2021 3:51:28 P.M. net.sourceforge.plantumldependency.commoncli.command.impl.CommandLineImpl findAndCheckOptionIndex INFO: [info-plantuml-dependency-commoncli-001] : Option "[--basedir, -b]" has been specified
janv. 30, 2021 3:51:28 P.M. net.sourceforge.plantumldependency.common.utils.file.FileUtils readFileIntoString INFO: [info-plantuml-dependency-common-000] : Reading file content /Users/rossypro/sources/ets/log121/LOG121-C04-decorateur-solution/src/main/java/Decorateur/Coffee/CoffeeDecorator.java...
janv. 30, 2021 3:51:28 P.M. net.sourceforge.plantumldependency.common.utils.file.FileUtils readFileIntoString INFO: [info-plantuml-dependency-common-000] : Reading file content /Users/rossypro/sources/ets/log121/LOG121-C04-decorateur-solution/src/main/java/Decorateur/Coffee/ICoffee.java...
janv. 30, 2021 3:51:28 P.M. net.sourceforge.plantumldependency.common.utils.file.FileUtils readFileIntoString INFO: [info-plantuml-dependency-common-000] : Reading file content /Users/rossypro/sources/ets/log121/LOG121-C04-decorateur-solution/src/main/java/Decorateur/Coffee/SimpleCoffee.java...
janv. 30, 2021 3:51:28 P.M. net.sourceforge.plantumldependency.common.utils.file.FileUtils readFileIntoString INFO: [info-plantuml-dependency-common-000] : Reading file content /Users/rossypro/sources/ets/log121/LOG121-C04-decorateur-solution/src/main/java/Decorateur/Coffee/WithMilk.java...
janv. 30, 2021 3:51:28 P.M. net.sourceforge.plantumldependency.common.utils.file.FileUtils readFileIntoString INFO: [info-plantuml-dependency-common-000] : Reading file content /Users/rossypro/sources/ets/log121/LOG121-C04-decorateur-solution/src/main/java/Decorateur/Coffee/WithSprinkles.java...
janv. 30, 2021 3:51:28 P.M. net.sourceforge.plantumldependency.common.utils.file.FileUtils readFileIntoString INFO: [info-plantuml-dependency-common-000] : Reading file content /Users/rossypro/sources/ets/log121/LOG121-C04-decorateur-solution/src/main/java/Decorateur/Patate/Fromage.java...
janv. 30, 2021 3:51:28 P.M. net.sourceforge.plantumldependency.common.utils.file.FileUtils readFileIntoString INFO: [info-plantuml-dependency-common-000] : Reading file content /Users/rossypro/sources/ets/log121/LOG121-C04-decorateur-solution/src/main/java/Decorateur/Patate/IPatate.java...
janv. 30, 2021 3:51:28 P.M. net.sourceforge.plantumldependency.common.utils.file.FileUtils readFileIntoString INFO: [info-plantuml-dependency-common-000] : Reading file content /Users/rossypro/sources/ets/log121/LOG121-C04-decorateur-solution/src/main/java/Decorateur/Patate/Patate.java...
janv. 30, 2021 3:51:28 P.M. net.sourceforge.plantumldependency.common.utils.file.FileUtils readFileIntoString INFO: [info-plantuml-dependency-common-000] : Reading file content /Users/rossypro/sources/ets/log121/LOG121-C04-decorateur-solution/src/main/java/Decorateur/Patate/PatateDecorator.java...
janv. 30, 2021 3:51:28 P.M. net.sourceforge.plantumldependency.common.utils.file.FileUtils readFileIntoString INFO: [info-plantuml-dependency-common-000] : Reading file content /Users/rossypro/sources/ets/log121/LOG121-C04-decorateur-solution/src/main/java/Decorateur/Patate/Sauce.java...
janv. 30, 2021 3:51:28 P.M. net.sourceforge.plantumldependency.common.utils.file.FileUtils readFileIntoString INFO: [info-plantuml-dependency-common-000] : Reading file content /Users/rossypro/sources/ets/log121/LOG121-C04-decorateur-solution/src/main/java/Decorateur/Pizza/IPizza.java...
janv. 30, 2021 3:51:28 P.M. net.sourceforge.plantumldependency.common.utils.file.FileUtils readFileIntoString INFO: [info-plantuml-dependency-common-000] : Reading file content /Users/rossypro/sources/ets/log121/LOG121-C04-decorateur-solution/src/main/java/Decorateur/Pizza/Mozzarella.java...
janv. 30, 2021 3:51:28 P.M. net.sourceforge.plantumldependency.common.utils.file.FileUtils readFileIntoString INFO: [info-plantuml-dependency-common-000] : Reading file content /Users/rossypro/sources/ets/log121/LOG121-C04-decorateur-solution/src/main/java/Decorateur/Pizza/PizzaDecorator.java...
janv. 30, 2021 3:51:28 P.M. net.sourceforge.plantumldependency.common.utils.file.FileUtils readFileIntoString INFO: [info-plantuml-dependency-common-000] : Reading file content /Users/rossypro/sources/ets/log121/LOG121-C04-decorateur-solution/src/main/java/Decorateur/Pizza/PizzaTopping.java...
janv. 30, 2021 3:51:28 P.M. net.sourceforge.plantumldependency.common.utils.file.FileUtils readFileIntoString INFO: [info-plantuml-dependency-common-000] : Reading file content /Users/rossypro/sources/ets/log121/LOG121-C04-decorateur-solution/src/main/java/Decorateur/Pizza/PlainPizza.java...
janv. 30, 2021 3:51:28 P.M. net.sourceforge.plantumldependency.common.utils.file.FileUtils readFileIntoString INFO: [info-plantuml-dependency-common-000] : Reading file content /Users/rossypro/sources/ets/log121/LOG121-C04-decorateur-solution/src/main/java/Decorateur/Pizza/ThreeCheesePizza.java...
janv. 30, 2021 3:51:28 P.M. net.sourceforge.plantumldependency.common.utils.file.FileUtils readFileIntoString INFO: [info-plantuml-dependency-common-000] : Reading file content /Users/rossypro/sources/ets/log121/LOG121-C04-decorateur-solution/src/main/java/Decorateur/Pizza/TomatoSauce.java...
janv. 30, 2021 3:51:28 P.M. net.sourceforge.plantumldependency.common.utils.file.FileUtils readFileIntoString INFO: [info-plantuml-dependency-common-000] : Reading file content /Users/rossypro/sources/ets/log121/LOG121-C04-decorateur-solution/src/main/java/Decorateur/Repas/IRepas.java...
janv. 30, 2021 3:51:28 P.M. net.sourceforge.plantumldependency.common.utils.file.FileUtils readFileIntoString INFO: [info-plantuml-dependency-common-000] : Reading file content /Users/rossypro/sources/ets/log121/LOG121-C04-decorateur-solution/src/main/java/Decorateur/Repas/Repas.java...
janv. 30, 2021 3:51:28 P.M. net.sourceforge.plantumldependency.common.utils.file.FileUtils writeIntoFile INFO: [info-plantuml-dependency-common-002] : Writing content into file src/main/java/Decorateur/Repas/README-generated.puml...
janv. 30, 2021 3:51:28 P.M. net.sourceforge.plantumldependency.cli.main.option.output.PlantUMLDependencyOutputOptionExecution execute INFO: [info-plantuml-dependency-cli-003] : Number of processed dependencies : "19"
janv. 30, 2021 3:51:28 P.M. net.sourceforge.plantumldependency.cli.main.program.PlantUMLDependencyProgram processProgramArguments INFO: [info-plantuml-dependency-cli-000] : Executed in "474" ms
Program finished at Sat Jan 30 15:51:28 EST 2021

